<?xml version="1.0" encoding="UTF-8"?>
<testng-results ignored="0" total="1" passed="1" failed="0" skipped="0">
  <reporter-output>
  </reporter-output>
  <suite started-at="2024-05-26T11:20:02 UTC" name="Suite" finished-at="2024-05-26T11:20:15 UTC" duration-ms="13678">
    <groups>
    </groups>
    <test started-at="2024-05-26T11:20:02 UTC" name="chrome" finished-at="2024-05-26T11:20:15 UTC" duration-ms="13678">
      <class name="com.pos.testcases.CreateNewVendor">
        <test-method is-config="true" signature="startReport()[pri:0, instance:com.pos.testcases.CreateNewVendor@7722c3c3]" started-at="2024-05-26T11:20:01 UTC" name="startReport" finished-at="2024-05-26T11:20:02 UTC" duration-ms="190" status="PASS">
          <reporter-output>
          </reporter-output>
        </test-method> <!-- startReport -->
        <test-method is-config="true" signature="setValues()[pri:0, instance:com.pos.testcases.CreateNewVendor@7722c3c3]" started-at="2024-05-26T11:20:02 UTC" name="setValues" finished-at="2024-05-26T11:20:02 UTC" duration-ms="1" status="PASS">
          <reporter-output>
          </reporter-output>
        </test-method> <!-- setValues -->
        <test-method is-config="true" signature="startTestCase()[pri:0, instance:com.pos.testcases.CreateNewVendor@7722c3c3]" started-at="2024-05-26T11:20:02 UTC" name="startTestCase" finished-at="2024-05-26T11:20:02 UTC" duration-ms="8" status="PASS">
          <reporter-output>
          </reporter-output>
        </test-method> <!-- startTestCase -->
        <test-method is-config="true" signature="preCondition(java.lang.String)[pri:0, instance:com.pos.testcases.CreateNewVendor@7722c3c3]" started-at="2024-05-26T11:20:02 UTC" name="preCondition" finished-at="2024-05-26T11:20:04 UTC" duration-ms="1974" status="PASS">
          <params>
            <param index="0">
              <value>
                <![CDATA[chrome]]>
              </value>
            </param>
          </params>
          <reporter-output>
          </reporter-output>
        </test-method> <!-- preCondition -->
        <test-method signature="runLogin(java.lang.String,java.lang.String,java.lang.String,java.lang.String,java.lang.String,java.lang.String)[pri:0, instance:com.pos.testcases.CreateNewVendor@7722c3c3]" started-at="2024-05-26T11:20:04 UTC" name="runLogin" data-provider="fetchData" finished-at="2024-05-26T11:20:15 UTC" duration-ms="10651" status="PASS">
          <params>
            <param index="0">
              <value>
                <![CDATA[8220316109]]>
              </value>
            </param>
            <param index="1">
              <value>
                <![CDATA[Vinoth]]>
              </value>
            </param>
            <param index="2">
              <value>
                <![CDATA[Selenium]]>
              </value>
            </param>
            <param index="3">
              <value>
                <![CDATA[Chennai]]>
              </value>
            </param>
            <param index="4">
              <value>
                <![CDATA[8220316109]]>
              </value>
            </param>
            <param index="5">
              <value>
                <![CDATA[vinod@gmail.com]]>
              </value>
            </param>
          </params>
          <reporter-output>
          </reporter-output>
        </test-method> <!-- runLogin -->
        <test-method is-config="true" signature="postCondition()[pri:0, instance:com.pos.testcases.CreateNewVendor@7722c3c3]" started-at="2024-05-26T11:20:15 UTC" name="postCondition" finished-at="2024-05-26T11:20:15 UTC" duration-ms="126" status="PASS">
          <reporter-output>
          </reporter-output>
        </test-method> <!-- postCondition -->
        <test-method is-config="true" signature="endResult()[pri:0, instance:com.pos.testcases.CreateNewVendor@7722c3c3]" started-at="2024-05-26T11:20:15 UTC" name="endResult" finished-at="2024-05-26T11:20:15 UTC" duration-ms="251" status="PASS">
          <reporter-output>
          </reporter-output>
        </test-method> <!-- endResult -->
      </class> <!-- com.pos.testcases.CreateNewVendor -->
    </test> <!-- chrome -->
  </suite> <!-- Suite -->
</testng-results>
